<?xml version="1.0" encoding="UTF-8"?>
<testng-results skipped="0" failed="0" total="1" passed="1">
  <reporter-output>
  </reporter-output>
  <suite name="Suite" duration-ms="13143" started-at="2017-05-17T19:30:39Z" finished-at="2017-05-17T19:30:52Z">
    <groups>
    </groups>
    <test name="Test" duration-ms="13143" started-at="2017-05-17T19:30:39Z" finished-at="2017-05-17T19:30:52Z">
      <class name="testScenario.BasicTestCase">
        <test-method status="PASS" signature="login()[pri:0, instance:testScenario.BasicTestCase@43840]" name="login" duration-ms="13119" started-at="2017-05-18T01:00:39Z" finished-at="2017-05-18T01:00:52Z">
          <reporter-output>
          </reporter-output>
        </test-method> <!-- login -->
      </class> <!-- testScenario.BasicTestCase -->
    </test> <!-- Test -->
  </suite> <!-- Suite -->
</testng-results>
