<?xml version="1.0" encoding="UTF-8"?>
<testng-results skipped="0" failed="0" total="1" passed="1">
  <reporter-output>
  </reporter-output>
  <suite name="Default suite" duration-ms="14380" started-at="2017-05-17T19:07:35Z" finished-at="2017-05-17T19:07:49Z">
    <groups>
    </groups>
    <test name="Default test" duration-ms="14380" started-at="2017-05-17T19:07:35Z" finished-at="2017-05-17T19:07:49Z">
      <class name="testScenario.BasicTestCase">
        <test-method status="PASS" signature="login()[pri:0, instance:testScenario.BasicTestCase@1c62251]" name="login" duration-ms="14342" started-at="2017-05-18T00:37:35Z" finished-at="2017-05-18T00:37:49Z">
          <reporter-output>
          </reporter-output>
        </test-method> <!-- login -->
      </class> <!-- testScenario.BasicTestCase -->
    </test> <!-- Default test -->
  </suite> <!-- Default suite -->
</testng-results>
